Using pre-set license
Built from '2021.3/staging' branch; Version is '2021.3.5f1 (40eb3a945986) revision 4254522'; Using compiler version '192829333'; Build Type 'Release'
OS: 'Windows 10  (10.0.19044) 64bit Professional' Language: 'en' Physical Memory: 16287 MB
BatchMode: 1, IsHumanControllingUs: 0, StartBugReporterOnCrash: 0, Is64bit: 1, IsPro: 1

COMMAND LINE ARGUMENTS:
C:\Program Files\Unity\Hub\Editor\2021.3.5f1\Editor\Unity.exe
-adb2
-batchMode
-noUpm
-name
AssetImportWorker0
-projectPath
D:/UnityTest/BehaviourTrees
-logFile
Logs/AssetImportWorker0.log
-srvPort
64391
Successfully changed project path to: D:/UnityTest/BehaviourTrees
D:/UnityTest/BehaviourTrees
[UnityMemory] Configuration Parameters - Can be set up in boot.config
    "memorysetup-bucket-allocator-granularity=16"
    "memorysetup-bucket-allocator-bucket-count=8"
    "memorysetup-bucket-allocator-block-size=33554432"
    "memorysetup-bucket-allocator-block-count=8"
    "memorysetup-main-allocator-block-size=16777216"
    "memorysetup-thread-allocator-block-size=16777216"
    "memorysetup-gfx-main-allocator-block-size=16777216"
    "memorysetup-gfx-thread-allocator-block-size=16777216"
    "memorysetup-cache-allocator-block-size=4194304"
    "memorysetup-typetree-allocator-block-size=2097152"
    "memorysetup-profiler-bucket-allocator-granularity=16"
    "memorysetup-profiler-bucket-allocator-bucket-count=8"
    "memorysetup-profiler-bucket-allocator-block-size=33554432"
    "memorysetup-profiler-bucket-allocator-block-count=8"
    "memorysetup-profiler-allocator-block-size=16777216"
    "memorysetup-profiler-editor-allocator-block-size=1048576"
    "memorysetup-temp-allocator-size-main=16777216"
    "memorysetup-job-temp-allocator-block-size=2097152"
    "memorysetup-job-temp-allocator-block-size-background=1048576"
    "memorysetup-job-temp-allocator-reduction-small-platforms=262144"
    "memorysetup-temp-allocator-size-background-worker=32768"
    "memorysetup-temp-allocator-size-job-worker=262144"
    "memorysetup-temp-allocator-size-preload-manager=33554432"
    "memorysetup-temp-allocator-size-nav-mesh-worker=65536"
    "memorysetup-temp-allocator-size-audio-worker=65536"
    "memorysetup-temp-allocator-size-cloud-worker=32768"
    "memorysetup-temp-allocator-size-gi-baking-worker=262144"
    "memorysetup-temp-allocator-size-gfx=262144"
Refreshing native plugins compatible for Editor in 100.68 ms, found 3 plugins.
Preloading 0 native plugins for Editor in 0.00 ms.
Initialize engine version: 2021.3.5f1 (40eb3a945986)
[Subsystems] Discovering subsystems at path C:/Program Files/Unity/Hub/Editor/2021.3.5f1/Editor/Data/Resources/UnitySubsystems
[Subsystems] Discovering subsystems at path D:/UnityTest/BehaviourTrees/Assets
GfxDevice: creating device client; threaded=0; jobified=0
Direct3D:
    Version:  Direct3D 11.0 [level 11.1]
    Renderer: NVIDIA GeForce GTX 1060 6GB (ID=0x1c03)
    Vendor:   NVIDIA
    VRAM:     6052 MB
    Driver:   25.21.14.1735
Initialize mono
Mono path[0] = 'C:/Program Files/Unity/Hub/Editor/2021.3.5f1/Editor/Data/Managed'
Mono path[1] = 'C:/Program Files/Unity/Hub/Editor/2021.3.5f1/Editor/Data/MonoBleedingEdge/lib/mono/unityjit-win32'
Mono config path = 'C:/Program Files/Unity/Hub/Editor/2021.3.5f1/Editor/Data/MonoBleedingEdge/etc'
Using monoOptions --debugger-agent=transport=dt_socket,embedding=1,server=y,suspend=n,address=127.0.0.1:56092
Begin MonoManager ReloadAssembly
Registering precompiled unity dll's ...
Register platform support module: C:/Program Files/Unity/Hub/Editor/2021.3.5f1/Editor/Data/PlaybackEngines/WebGLSupport/UnityEditor.WebGL.Extensions.dll
Register platform support module: C:/Program Files/Unity/Hub/Editor/2021.3.5f1/Editor/Data/PlaybackEngines/WindowsStandaloneSupport/UnityEditor.WindowsStandalone.Extensions.dll
Register platform support module: C:/Program Files/Unity/Hub/Editor/2021.3.5f1/Editor/Data/PlaybackEngines/MetroSupport/UnityEditor.UWP.Extensions.dll
Registered in 0.009886 seconds.
Native extension for UWP target not found
Native extension for WindowsStandalone target not found
Native extension for WebGL target not found
Refreshing native plugins compatible for Editor in 91.88 ms, found 3 plugins.
Preloading 0 native plugins for Editor in 0.00 ms.
Mono: successfully reloaded assembly
- Completed reload, in  0.725 seconds
Domain Reload Profiling:
	ReloadAssembly (726ms)
		BeginReloadAssembly (86ms)
			ExecutionOrderSort (0ms)
			DisableScriptedObjects (0ms)
			BackupInstance (0ms)
			ReleaseScriptingObjects (0ms)
			CreateAndSetChildDomain (1ms)
		EndReloadAssembly (521ms)
			LoadAssemblies (84ms)
			RebuildTransferFunctionScriptingTraits (0ms)
			SetupTypeCache (137ms)
			ReleaseScriptCaches (0ms)
			RebuildScriptCaches (32ms)
			SetupLoadedEditorAssemblies (296ms)
				LogAssemblyErrors (0ms)
				InitializePlatformSupportModulesInManaged (12ms)
				SetLoadedEditorAssemblies (0ms)
				RefreshPlugins (92ms)
				BeforeProcessingInitializeOnLoad (1ms)
				ProcessInitializeOnLoadAttributes (143ms)
				ProcessInitializeOnLoadMethodAttributes (47ms)
				AfterProcessingInitializeOnLoad (0ms)
				EditorAssembliesLoaded (0ms)
			ExecutionOrderSort2 (0ms)
			AwakeInstancesAfterBackupRestoration (0ms)
Platform modules already initialized, skipping
Registering precompiled user dll's ...
Registered in 0.005293 seconds.
Begin MonoManager ReloadAssembly
Symbol file LoadedFromMemory doesn't match image D:\UnityTest\BehaviourTrees\Library\PackageCache\com.unity.visualscripting@1.7.8\Editor\VisualScripting.Core\Dependencies\YamlDotNet\Unity.VisualScripting.YamlDotNet.dll
Symbol file LoadedFromMemory doesn't match image D:\UnityTest\BehaviourTrees\Library\PackageCache\com.unity.visualscripting@1.7.8\Editor\VisualScripting.Core\Dependencies\DotNetZip\Unity.VisualScripting.IonicZip.dll
Native extension for UWP target not found
Native extension for WindowsStandalone target not found
Native extension for WebGL target not found
Refreshing native plugins compatible for Editor in 0.52 ms, found 3 plugins.
Preloading 0 native plugins for Editor in 0.00 ms.
Mono: successfully reloaded assembly
- Completed reload, in  1.119 seconds
Domain Reload Profiling:
	ReloadAssembly (1121ms)
		BeginReloadAssembly (132ms)
			ExecutionOrderSort (0ms)
			DisableScriptedObjects (8ms)
			BackupInstance (0ms)
			ReleaseScriptingObjects (0ms)
			CreateAndSetChildDomain (20ms)
		EndReloadAssembly (860ms)
			LoadAssemblies (109ms)
			RebuildTransferFunctionScriptingTraits (0ms)
			SetupTypeCache (288ms)
			ReleaseScriptCaches (1ms)
			RebuildScriptCaches (49ms)
			SetupLoadedEditorAssemblies (391ms)
				LogAssemblyErrors (0ms)
				InitializePlatformSupportModulesInManaged (11ms)
				SetLoadedEditorAssemblies (0ms)
				RefreshPlugins (1ms)
				BeforeProcessingInitializeOnLoad (96ms)
				ProcessInitializeOnLoadAttributes (246ms)
				ProcessInitializeOnLoadMethodAttributes (30ms)
				AfterProcessingInitializeOnLoad (8ms)
				EditorAssembliesLoaded (0ms)
			ExecutionOrderSort2 (0ms)
			AwakeInstancesAfterBackupRestoration (6ms)
Platform modules already initialized, skipping
========================================================================
Worker process is ready to serve import requests
Launched and connected shader compiler UnityShaderCompiler.exe after 0.06 seconds
Refreshing native plugins compatible for Editor in 0.94 ms, found 3 plugins.
Preloading 0 native plugins for Editor in 0.00 ms.
Unloading 3368 Unused Serialized files (Serialized files now loaded: 0)
Unloading 27 unused Assets / (111.0 KB). Loaded Objects now: 3824.
Memory consumption went from 115.8 MB to 115.7 MB.
Total: 4.060500 ms (FindLiveObjects: 0.311800 ms CreateObjectMapping: 0.236900 ms MarkObjects: 3.394900 ms  DeleteObjects: 0.115700 ms)

AssetImportParameters requested are different than current active one (requested -> active):
  custom:video-decoder-ogg-theora: a1e56fd34408186e4bbccfd4996cb3dc -> 
  custom:container-muxer-webm: aa71ff27fc2769a1b78a27578f13a17b -> 
  custom:container-demuxer-webm: 4f35f7cbe854078d1ac9338744f61a02 -> 
  custom:video-encoder-webm-vp8: eb34c28f22e8b96e1ab97ce403110664 -> 
  custom:video-codec-MediaFoundation-h265: 746d11721c4dcdbdad8f713fa42b33f4 -> 
  custom:audio-encoder-webm-vorbis: bf7c407c2cedff20999df2af8eb42d56 -> 
  custom:framework-win-MediaFoundation: 216162199b28c13a410421893ffa2e32 -> 
  custom:container-demuxer-ogg: 62fdf1f143b41e24485cea50d1cbac27 -> 
  custom:video-decoder-webm-vp8: 9c59270c3fd7afecdb556c50c9e8de78 -> 
  custom:audio-decoder-ogg-vorbis: bf7c407c2cedff20999df2af8eb42d56 -> 
========================================================================
Received Import Request.
  Time since last request: 1727206.912734 seconds.
  path: Assets/Tiles089_1K-JPG_NormalGL.jpg
  artifactKey: Guid(a62898cd4c18caf48a646eb2504d6be8) Importer(815301076,1909f56bfc062723c751e8b465ee728b)
Start importing Assets/Tiles089_1K-JPG_NormalGL.jpg using Guid(a62898cd4c18caf48a646eb2504d6be8) Importer(815301076,1909f56bfc062723c751e8b465ee728b)  -> (artifact id: '74f2aac268b75a8aa672f9e20e3507bb') in 0.127236 seconds 
========================================================================
Received Import Request.
  Time since last request: 0.000021 seconds.
  path: Assets/Tiles089_1K-JPG_Color.jpg
  artifactKey: Guid(c307045a16339bc46862c75a62097d07) Importer(815301076,1909f56bfc062723c751e8b465ee728b)
Start importing Assets/Tiles089_1K-JPG_Color.jpg using Guid(c307045a16339bc46862c75a62097d07) Importer(815301076,1909f56bfc062723c751e8b465ee728b)  -> (artifact id: 'b536aff0e68d1225d21f58766860ef2c') in 0.016610 seconds 
========================================================================
Received Import Request.
  Time since last request: 0.000017 seconds.
  path: Assets/Tiles089_1K-JPG_NormalDX.jpg
  artifactKey: Guid(2b445f4c6e399fe43a039f755a487157) Importer(815301076,1909f56bfc062723c751e8b465ee728b)
Start importing Assets/Tiles089_1K-JPG_NormalDX.jpg using Guid(2b445f4c6e399fe43a039f755a487157) Importer(815301076,1909f56bfc062723c751e8b465ee728b)  -> (artifact id: '4a9290d19babb106b2df02c0c453efb5') in 0.017323 seconds 
========================================================================
Received Import Request.
  Time since last request: 0.000017 seconds.
  path: Assets/Tiles089.png
  artifactKey: Guid(ae69a78efded696459f8d49b158a7fb0) Importer(815301076,1909f56bfc062723c751e8b465ee728b)
Start importing Assets/Tiles089.png using Guid(ae69a78efded696459f8d49b158a7fb0) Importer(815301076,1909f56bfc062723c751e8b465ee728b)  -> (artifact id: '2086700f9f9bee9256916f49f40e36ec') in 0.019313 seconds 
========================================================================
Received Import Request.
  Time since last request: 157.470359 seconds.
  path: Assets/Toon_RTS_demo/Toon_RTS_Units.jpg
  artifactKey: Guid(f2b90d8923375fe40a966ca9dffbce90) Importer(815301076,1909f56bfc062723c751e8b465ee728b)
Start importing Assets/Toon_RTS_demo/Toon_RTS_Units.jpg using Guid(f2b90d8923375fe40a966ca9dffbce90) Importer(815301076,1909f56bfc062723c751e8b465ee728b)  -> (artifact id: 'ff6e5cf6becd2f922ae9995110ff3169') in 0.013767 seconds 
========================================================================
Received Import Request.
  Time since last request: 408.713014 seconds.
  path: Assets/Crate.fbx
  artifactKey: Guid(3e7556157700077429eb7ab5d32e43bd) Importer(815301076,1909f56bfc062723c751e8b465ee728b)
Start importing Assets/Crate.fbx using Guid(3e7556157700077429eb7ab5d32e43bd) Importer(815301076,1909f56bfc062723c751e8b465ee728b)  -> (artifact id: '590387149b98620113f6f8b4062333fc') in 0.348137 seconds 
========================================================================
Received Import Request.
  Time since last request: 417.932539 seconds.
  path: Assets/Materials/Tiles089.mat
  artifactKey: Guid(413c2cb194048f64baa89f5adfb5bc6d) Importer(815301076,1909f56bfc062723c751e8b465ee728b)
Start importing Assets/Materials/Tiles089.mat using Guid(413c2cb194048f64baa89f5adfb5bc6d) Importer(815301076,1909f56bfc062723c751e8b465ee728b)  -> (artifact id: '8a9457485f20c46ebc480027e97315dc') in 0.017674 seconds 
========================================================================
Received Import Request.
  Time since last request: 0.000027 seconds.
  path: Assets/Materials/Tiles089_1K-JPG_NormalGL.mat
  artifactKey: Guid(5ed1328b12c0a764c95f5c3ec377c664) Importer(815301076,1909f56bfc062723c751e8b465ee728b)
Start importing Assets/Materials/Tiles089_1K-JPG_NormalGL.mat using Guid(5ed1328b12c0a764c95f5c3ec377c664) Importer(815301076,1909f56bfc062723c751e8b465ee728b)  -> (artifact id: 'c4d4660e87b32b9d8960320d3f165176') in 0.013544 seconds 
========================================================================
Received Import Request.
  Time since last request: 0.000029 seconds.
  path: Assets/Materials/Tiles089_1K-JPG_Color.mat
  artifactKey: Guid(e40faa6fbd213264baddf45474b7cbf0) Importer(815301076,1909f56bfc062723c751e8b465ee728b)
Start importing Assets/Materials/Tiles089_1K-JPG_Color.mat using Guid(e40faa6fbd213264baddf45474b7cbf0) Importer(815301076,1909f56bfc062723c751e8b465ee728b)  -> (artifact id: '3ac0bbb0efe10345516100c57d101d95') in 0.016012 seconds 
========================================================================
Received Import Request.
  Time since last request: 0.000033 seconds.
  path: Assets/Materials/Tiles089_1K-JPG_Roughness.mat
  artifactKey: Guid(9560a5034390a7741b367a4f7e75cd99) Importer(815301076,1909f56bfc062723c751e8b465ee728b)
Start importing Assets/Materials/Tiles089_1K-JPG_Roughness.mat using Guid(9560a5034390a7741b367a4f7e75cd99) Importer(815301076,1909f56bfc062723c751e8b465ee728b)  -> (artifact id: '2fb146318462efd73e4e36dad3e35cf5') in 0.014712 seconds 
========================================================================
Received Import Request.
  Time since last request: 0.000020 seconds.
  path: Assets/Materials/Tiles089_1K-JPG_NormalDX.mat
  artifactKey: Guid(2a9c091d7bf34d946b193c651ce16100) Importer(815301076,1909f56bfc062723c751e8b465ee728b)
Start importing Assets/Materials/Tiles089_1K-JPG_NormalDX.mat using Guid(2a9c091d7bf34d946b193c651ce16100) Importer(815301076,1909f56bfc062723c751e8b465ee728b)  -> (artifact id: 'bd6b550176cd669db23fb37f27acf3ce') in 0.017559 seconds 
========================================================================
Received Import Request.
  Time since last request: 7.116281 seconds.
  path: Assets/Toon_RTS_demo/animations
  artifactKey: Guid(ef543b948de4e6b49a45d85b239ba06e) Importer(815301076,1909f56bfc062723c751e8b465ee728b)
Start importing Assets/Toon_RTS_demo/animations using Guid(ef543b948de4e6b49a45d85b239ba06e) Importer(815301076,1909f56bfc062723c751e8b465ee728b)  -> (artifact id: '683d18ddf8ad3de979d9b3f1bc741ad5') in 0.010227 seconds 
========================================================================
Received Import Request.
  Time since last request: 0.057750 seconds.
  path: Assets/Toon_RTS_demo/animations/WK_heavy_infantry_04_charge.FBX
  artifactKey: Guid(18c683f6167dbf84d91c818fa14a7e14) Importer(815301076,1909f56bfc062723c751e8b465ee728b)
Start importing Assets/Toon_RTS_demo/animations/WK_heavy_infantry_04_charge.FBX using Guid(18c683f6167dbf84d91c818fa14a7e14) Importer(815301076,1909f56bfc062723c751e8b465ee728b)  -> (artifact id: 'd938695d49792a8eb931cc31b0bdcd68') in 0.015547 seconds 
========================================================================
Received Import Request.
  Time since last request: 0.000017 seconds.
  path: Assets/Toon_RTS_demo/animations/WK_heavy_infantry_08_attack_B.FBX
  artifactKey: Guid(0932505f83189174e9405ca64f635505) Importer(815301076,1909f56bfc062723c751e8b465ee728b)
Start importing Assets/Toon_RTS_demo/animations/WK_heavy_infantry_08_attack_B.FBX using Guid(0932505f83189174e9405ca64f635505) Importer(815301076,1909f56bfc062723c751e8b465ee728b)  -> (artifact id: 'a0f7b791e1dd908df1bbd5f698a94da9') in 0.013804 seconds 
========================================================================
Received Import Request.
  Time since last request: 6.407542 seconds.
  path: Assets/Toon_RTS_demo/models
  artifactKey: Guid(17c47dda97ff626488ca2a63a40c4e01) Importer(815301076,1909f56bfc062723c751e8b465ee728b)
Start importing Assets/Toon_RTS_demo/models using Guid(17c47dda97ff626488ca2a63a40c4e01) Importer(815301076,1909f56bfc062723c751e8b465ee728b)  -> (artifact id: 'cacfa43f80f2776ff576d54ca8e04cd2') in 0.008284 seconds 
========================================================================
Received Import Request.
  Time since last request: 0.072860 seconds.
  path: Assets/Toon_RTS_demo/models/ToonRTS_demo_Knight.FBX
  artifactKey: Guid(ba24e610e0a338545b447ff44a3cf1cc) Importer(815301076,1909f56bfc062723c751e8b465ee728b)
Start importing Assets/Toon_RTS_demo/models/ToonRTS_demo_Knight.FBX using Guid(ba24e610e0a338545b447ff44a3cf1cc) Importer(815301076,1909f56bfc062723c751e8b465ee728b)  -> (artifact id: '5254d4bf27251cab6953ee68d27e8176') in 0.152868 seconds 
========================================================================
Received Import Request.
  Time since last request: 31.327261 seconds.
  path: Assets/Toon_RTS_demo/models/Materials
  artifactKey: Guid(f10358289bb35f3458dd55c28d817793) Importer(815301076,1909f56bfc062723c751e8b465ee728b)
Start importing Assets/Toon_RTS_demo/models/Materials using Guid(f10358289bb35f3458dd55c28d817793) Importer(815301076,1909f56bfc062723c751e8b465ee728b)  -> (artifact id: '7029a4c33b993cafe776be81c50fe0b0') in 0.009303 seconds 
========================================================================
Received Import Request.
  Time since last request: 77.932592 seconds.
  path: Assets/DungeonCharacters/Skeletons_demo
  artifactKey: Guid(43c33467be1746b45ab7896fb18493ea) Importer(815301076,1909f56bfc062723c751e8b465ee728b)
Start importing Assets/DungeonCharacters/Skeletons_demo using Guid(43c33467be1746b45ab7896fb18493ea) Importer(815301076,1909f56bfc062723c751e8b465ee728b)  -> (artifact id: '0c1ce0f586c590be7e85101cd82150d4') in 0.009821 seconds 
========================================================================
Received Import Request.
  Time since last request: 0.866899 seconds.
  path: Assets/DungeonCharacters/Skeletons_demo/DungeonSkeletons_pack.jpg
  artifactKey: Guid(638407f285212d546845248f67bd99f6) Importer(815301076,1909f56bfc062723c751e8b465ee728b)
Start importing Assets/DungeonCharacters/Skeletons_demo/DungeonSkeletons_pack.jpg using Guid(638407f285212d546845248f67bd99f6) Importer(815301076,1909f56bfc062723c751e8b465ee728b)  -> (artifact id: '8d97a9ed8ab40d60c7592bc2165d9efe') in 0.014093 seconds 
========================================================================
Received Import Request.
  Time since last request: 3.253955 seconds.
  path: Assets/DungeonCharacters/Skeletons_demo/animation
  artifactKey: Guid(60a208a371bf0b640bf23e39b2027a52) Importer(815301076,1909f56bfc062723c751e8b465ee728b)
Start importing Assets/DungeonCharacters/Skeletons_demo/animation using Guid(60a208a371bf0b640bf23e39b2027a52) Importer(815301076,1909f56bfc062723c751e8b465ee728b)  -> (artifact id: '061c917ea44d2ef75b0a67085c4af75a') in 0.009919 seconds 
========================================================================
Received Import Request.
  Time since last request: 0.459701 seconds.
  path: Assets/DungeonCharacters/Skeletons_demo/models
  artifactKey: Guid(ab7e5a7d6fa592143a6100a78badb465) Importer(815301076,1909f56bfc062723c751e8b465ee728b)
Start importing Assets/DungeonCharacters/Skeletons_demo/models using Guid(ab7e5a7d6fa592143a6100a78badb465) Importer(815301076,1909f56bfc062723c751e8b465ee728b)  -> (artifact id: 'bdb5f5ae33e9c18a444ac637484f038d') in 0.002220 seconds 
========================================================================
Received Import Request.
  Time since last request: 0.832410 seconds.
  path: Assets/DungeonCharacters/Skeletons_demo/models/DungeonSkeleton_demo.FBX
  artifactKey: Guid(f227b5017a7c0184a96c2c26f1e4408d) Importer(815301076,1909f56bfc062723c751e8b465ee728b)
Start importing Assets/DungeonCharacters/Skeletons_demo/models/DungeonSkeleton_demo.FBX using Guid(f227b5017a7c0184a96c2c26f1e4408d) Importer(815301076,1909f56bfc062723c751e8b465ee728b)  -> (artifact id: 'fe8120335086fd06305a3276d3218aeb') in 0.025809 seconds 
========================================================================
Received Import Request.
  Time since last request: 13.312933 seconds.
  path: Assets/DungeonCharacters/Skeletons_demo/animation/DS_onehand_attack_A.FBX
  artifactKey: Guid(68e3a50f30bb0c54e8ca5cfae6eea48d) Importer(815301076,1909f56bfc062723c751e8b465ee728b)
Start importing Assets/DungeonCharacters/Skeletons_demo/animation/DS_onehand_attack_A.FBX using Guid(68e3a50f30bb0c54e8ca5cfae6eea48d) Importer(815301076,1909f56bfc062723c751e8b465ee728b)  -> (artifact id: '1f24f3f8f5087c58ce82de5bb41369b4') in 0.012820 seconds 
========================================================================
Received Import Request.
  Time since last request: 51.974500 seconds.
  path: Assets/DungeonCharacters/Skeletons_demo/models/New Animator Controller.controller
  artifactKey: Guid(16a3515726c54994face21dac11c0d76) Importer(815301076,1909f56bfc062723c751e8b465ee728b)
Start importing Assets/DungeonCharacters/Skeletons_demo/models/New Animator Controller.controller using Guid(16a3515726c54994face21dac11c0d76) Importer(815301076,1909f56bfc062723c751e8b465ee728b)  -> (artifact id: '633966c7a1595e4671b6466b2c67db6a') in 0.009830 seconds 
========================================================================
Received Import Request.
  Time since last request: 31.729394 seconds.
  path: Assets
  artifactKey: Guid(00000000000000001000000000000000) Importer(815301076,1909f56bfc062723c751e8b465ee728b)
Start importing Assets using Guid(00000000000000001000000000000000) Importer(815301076,1909f56bfc062723c751e8b465ee728b)  -> (artifact id: '79842766b460edbeab6a34051e857a80') in 0.009091 seconds 
========================================================================
Received Import Request.
  Time since last request: 0.713818 seconds.
  path: Assets/DungeonCharacters
  artifactKey: Guid(4d95f9b21bc3df149bf2dd854711a2af) Importer(815301076,1909f56bfc062723c751e8b465ee728b)
Start importing Assets/DungeonCharacters using Guid(4d95f9b21bc3df149bf2dd854711a2af) Importer(815301076,1909f56bfc062723c751e8b465ee728b)  -> (artifact id: 'e24c6308d23353bafb325c0b51b4d86e') in 0.008413 seconds 
========================================================================
Received Import Request.
  Time since last request: 9.954371 seconds.
  path: Assets/DungeonCharacters/Skeletons_demo/New Animator Controller.controller
  artifactKey: Guid(aea920a12172e47469147c22bee0a56d) Importer(815301076,1909f56bfc062723c751e8b465ee728b)
Start importing Assets/DungeonCharacters/Skeletons_demo/New Animator Controller.controller using Guid(aea920a12172e47469147c22bee0a56d) Importer(815301076,1909f56bfc062723c751e8b465ee728b)  -> (artifact id: 'fe493efe720eda9f6fe73a941cbaea01') in 0.002597 seconds 
========================================================================
Received Import Request.
  Time since last request: 44.728780 seconds.
  path: Assets/DungeonCharacters/Skeletons_demo/animation/New Animator Controller.controller
  artifactKey: Guid(535135392936eb4498779f21c32fbb8d) Importer(815301076,1909f56bfc062723c751e8b465ee728b)
Start importing Assets/DungeonCharacters/Skeletons_demo/animation/New Animator Controller.controller using Guid(535135392936eb4498779f21c32fbb8d) Importer(815301076,1909f56bfc062723c751e8b465ee728b)  -> (artifact id: '99cb48a0474c0af3fa903cf0f616da1b') in 0.002167 seconds 
========================================================================
Received Import Request.
  Time since last request: 91.911805 seconds.
  path: Assets/Toon_RTS_demo/animations/New Animator Controller.controller
  artifactKey: Guid(5ee56913aa179004a9d4388449207654) Importer(815301076,1909f56bfc062723c751e8b465ee728b)
Start importing Assets/Toon_RTS_demo/animations/New Animator Controller.controller using Guid(5ee56913aa179004a9d4388449207654) Importer(815301076,1909f56bfc062723c751e8b465ee728b)  -> (artifact id: 'eaff00763c04ddc96fa22f0c91df5507') in 0.002159 seconds 
========================================================================
Received Prepare
Registering precompiled user dll's ...
Registered in 0.004166 seconds.
Begin MonoManager ReloadAssembly
Symbol file LoadedFromMemory doesn't match image D:\UnityTest\BehaviourTrees\Library\PackageCache\com.unity.visualscripting@1.7.8\Editor\VisualScripting.Core\Dependencies\YamlDotNet\Unity.VisualScripting.YamlDotNet.dll
Symbol file LoadedFromMemory doesn't match image D:\UnityTest\BehaviourTrees\Library\PackageCache\com.unity.visualscripting@1.7.8\Editor\VisualScripting.Core\Dependencies\DotNetZip\Unity.VisualScripting.IonicZip.dll
Native extension for UWP target not found
Native extension for WindowsStandalone target not found
Native extension for WebGL target not found
Refreshing native plugins compatible for Editor in 0.82 ms, found 3 plugins.
Preloading 0 native plugins for Editor in 0.00 ms.
Mono: successfully reloaded assembly
- Completed reload, in  1.177 seconds
Domain Reload Profiling:
	ReloadAssembly (1178ms)
		BeginReloadAssembly (143ms)
			ExecutionOrderSort (0ms)
			DisableScriptedObjects (4ms)
			BackupInstance (0ms)
			ReleaseScriptingObjects (0ms)
			CreateAndSetChildDomain (40ms)
		EndReloadAssembly (935ms)
			LoadAssemblies (91ms)
			RebuildTransferFunctionScriptingTraits (0ms)
			SetupTypeCache (304ms)
			ReleaseScriptCaches (2ms)
			RebuildScriptCaches (55ms)
			SetupLoadedEditorAssemblies (402ms)
				LogAssemblyErrors (0ms)
				InitializePlatformSupportModulesInManaged (21ms)
				SetLoadedEditorAssemblies (1ms)
				RefreshPlugins (1ms)
				BeforeProcessingInitializeOnLoad (78ms)
				ProcessInitializeOnLoadAttributes (255ms)
				ProcessInitializeOnLoadMethodAttributes (34ms)
				AfterProcessingInitializeOnLoad (11ms)
				EditorAssembliesLoaded (0ms)
			ExecutionOrderSort2 (0ms)
			AwakeInstancesAfterBackupRestoration (8ms)
Platform modules already initialized, skipping
Refreshing native plugins compatible for Editor in 2.41 ms, found 3 plugins.
Preloading 0 native plugins for Editor in 0.00 ms.
Unloading 3363 Unused Serialized files (Serialized files now loaded: 0)
Unloading 20 unused Assets / (78.1 KB). Loaded Objects now: 3873.
Memory consumption went from 133.5 MB to 133.4 MB.
Total: 3.402200 ms (FindLiveObjects: 0.299200 ms CreateObjectMapping: 0.220700 ms MarkObjects: 2.798400 ms  DeleteObjects: 0.082500 ms)

AssetImportParameters requested are different than current active one (requested -> active):
  custom:video-decoder-ogg-theora: a1e56fd34408186e4bbccfd4996cb3dc -> 
  custom:container-muxer-webm: aa71ff27fc2769a1b78a27578f13a17b -> 
  custom:container-demuxer-webm: 4f35f7cbe854078d1ac9338744f61a02 -> 
  custom:video-encoder-webm-vp8: eb34c28f22e8b96e1ab97ce403110664 -> 
  custom:video-codec-MediaFoundation-h265: 746d11721c4dcdbdad8f713fa42b33f4 -> 
  custom:audio-encoder-webm-vorbis: bf7c407c2cedff20999df2af8eb42d56 -> 
  custom:framework-win-MediaFoundation: 216162199b28c13a410421893ffa2e32 -> 
  custom:container-demuxer-ogg: 62fdf1f143b41e24485cea50d1cbac27 -> 
  custom:video-decoder-webm-vp8: 9c59270c3fd7afecdb556c50c9e8de78 -> 
  custom:audio-decoder-ogg-vorbis: bf7c407c2cedff20999df2af8eb42d56 -> 
========================================================================
Received Prepare
Registering precompiled user dll's ...
Registered in 0.003877 seconds.
Begin MonoManager ReloadAssembly
Symbol file LoadedFromMemory doesn't match image D:\UnityTest\BehaviourTrees\Library\PackageCache\com.unity.visualscripting@1.7.8\Editor\VisualScripting.Core\Dependencies\YamlDotNet\Unity.VisualScripting.YamlDotNet.dll
Symbol file LoadedFromMemory doesn't match image D:\UnityTest\BehaviourTrees\Library\PackageCache\com.unity.visualscripting@1.7.8\Editor\VisualScripting.Core\Dependencies\DotNetZip\Unity.VisualScripting.IonicZip.dll
Native extension for UWP target not found
Native extension for WindowsStandalone target not found
Native extension for WebGL target not found
Refreshing native plugins compatible for Editor in 0.58 ms, found 3 plugins.
Preloading 0 native plugins for Editor in 0.00 ms.
Mono: successfully reloaded assembly
- Completed reload, in  1.221 seconds
Domain Reload Profiling:
	ReloadAssembly (1222ms)
		BeginReloadAssembly (148ms)
			ExecutionOrderSort (0ms)
			DisableScriptedObjects (6ms)
			BackupInstance (0ms)
			ReleaseScriptingObjects (0ms)
			CreateAndSetChildDomain (36ms)
		EndReloadAssembly (959ms)
			LoadAssemblies (95ms)
			RebuildTransferFunctionScriptingTraits (0ms)
			SetupTypeCache (331ms)
			ReleaseScriptCaches (2ms)
			RebuildScriptCaches (60ms)
			SetupLoadedEditorAssemblies (412ms)
				LogAssemblyErrors (0ms)
				InitializePlatformSupportModulesInManaged (21ms)
				SetLoadedEditorAssemblies (1ms)
				RefreshPlugins (1ms)
				BeforeProcessingInitializeOnLoad (81ms)
				ProcessInitializeOnLoadAttributes (260ms)
				ProcessInitializeOnLoadMethodAttributes (36ms)
				AfterProcessingInitializeOnLoad (12ms)
				EditorAssembliesLoaded (0ms)
			ExecutionOrderSort2 (0ms)
			AwakeInstancesAfterBackupRestoration (8ms)
Platform modules already initialized, skipping
Refreshing native plugins compatible for Editor in 2.02 ms, found 3 plugins.
Preloading 0 native plugins for Editor in 0.00 ms.
Unloading 3363 Unused Serialized files (Serialized files now loaded: 0)
Unloading 20 unused Assets / (78.1 KB). Loaded Objects now: 3876.
Memory consumption went from 133.5 MB to 133.4 MB.
Total: 3.868600 ms (FindLiveObjects: 0.582400 ms CreateObjectMapping: 0.227800 ms MarkObjects: 2.936700 ms  DeleteObjects: 0.120100 ms)

AssetImportParameters requested are different than current active one (requested -> active):
  custom:video-decoder-ogg-theora: a1e56fd34408186e4bbccfd4996cb3dc -> 
  custom:container-muxer-webm: aa71ff27fc2769a1b78a27578f13a17b -> 
  custom:container-demuxer-webm: 4f35f7cbe854078d1ac9338744f61a02 -> 
  custom:video-encoder-webm-vp8: eb34c28f22e8b96e1ab97ce403110664 -> 
  custom:video-codec-MediaFoundation-h265: 746d11721c4dcdbdad8f713fa42b33f4 -> 
  custom:audio-encoder-webm-vorbis: bf7c407c2cedff20999df2af8eb42d56 -> 
  custom:framework-win-MediaFoundation: 216162199b28c13a410421893ffa2e32 -> 
  custom:container-demuxer-ogg: 62fdf1f143b41e24485cea50d1cbac27 -> 
  custom:video-decoder-webm-vp8: 9c59270c3fd7afecdb556c50c9e8de78 -> 
  custom:audio-decoder-ogg-vorbis: bf7c407c2cedff20999df2af8eb42d56 -> 
========================================================================
Received Prepare
Registering precompiled user dll's ...
Registered in 0.003852 seconds.
Begin MonoManager ReloadAssembly
Symbol file LoadedFromMemory doesn't match image D:\UnityTest\BehaviourTrees\Library\PackageCache\com.unity.visualscripting@1.7.8\Editor\VisualScripting.Core\Dependencies\YamlDotNet\Unity.VisualScripting.YamlDotNet.dll
Symbol file LoadedFromMemory doesn't match image D:\UnityTest\BehaviourTrees\Library\PackageCache\com.unity.visualscripting@1.7.8\Editor\VisualScripting.Core\Dependencies\DotNetZip\Unity.VisualScripting.IonicZip.dll
Native extension for UWP target not found
Native extension for WindowsStandalone target not found
Native extension for WebGL target not found
Refreshing native plugins compatible for Editor in 0.87 ms, found 3 plugins.
Preloading 0 native plugins for Editor in 0.00 ms.
Mono: successfully reloaded assembly
- Completed reload, in  1.249 seconds
Domain Reload Profiling:
	ReloadAssembly (1250ms)
		BeginReloadAssembly (142ms)
			ExecutionOrderSort (0ms)
			DisableScriptedObjects (6ms)
			BackupInstance (0ms)
			ReleaseScriptingObjects (0ms)
			CreateAndSetChildDomain (34ms)
		EndReloadAssembly (984ms)
			LoadAssemblies (97ms)
			RebuildTransferFunctionScriptingTraits (0ms)
			SetupTypeCache (319ms)
			ReleaseScriptCaches (2ms)
			RebuildScriptCaches (57ms)
			SetupLoadedEditorAssemblies (438ms)
				LogAssemblyErrors (0ms)
				InitializePlatformSupportModulesInManaged (22ms)
				SetLoadedEditorAssemblies (1ms)
				RefreshPlugins (1ms)
				BeforeProcessingInitializeOnLoad (82ms)
				ProcessInitializeOnLoadAttributes (273ms)
				ProcessInitializeOnLoadMethodAttributes (40ms)
				AfterProcessingInitializeOnLoad (18ms)
				EditorAssembliesLoaded (0ms)
			ExecutionOrderSort2 (0ms)
			AwakeInstancesAfterBackupRestoration (16ms)
Platform modules already initialized, skipping
Refreshing native plugins compatible for Editor in 1.75 ms, found 3 plugins.
Preloading 0 native plugins for Editor in 0.00 ms.
Unloading 3363 Unused Serialized files (Serialized files now loaded: 0)
Unloading 20 unused Assets / (78.2 KB). Loaded Objects now: 3879.
Memory consumption went from 133.5 MB to 133.4 MB.
Total: 3.391900 ms (FindLiveObjects: 0.302100 ms CreateObjectMapping: 0.210700 ms MarkObjects: 2.753100 ms  DeleteObjects: 0.124400 ms)

AssetImportParameters requested are different than current active one (requested -> active):
  custom:video-decoder-ogg-theora: a1e56fd34408186e4bbccfd4996cb3dc -> 
  custom:container-muxer-webm: aa71ff27fc2769a1b78a27578f13a17b -> 
  custom:container-demuxer-webm: 4f35f7cbe854078d1ac9338744f61a02 -> 
  custom:video-encoder-webm-vp8: eb34c28f22e8b96e1ab97ce403110664 -> 
  custom:video-codec-MediaFoundation-h265: 746d11721c4dcdbdad8f713fa42b33f4 -> 
  custom:audio-encoder-webm-vorbis: bf7c407c2cedff20999df2af8eb42d56 -> 
  custom:framework-win-MediaFoundation: 216162199b28c13a410421893ffa2e32 -> 
  custom:container-demuxer-ogg: 62fdf1f143b41e24485cea50d1cbac27 -> 
  custom:video-decoder-webm-vp8: 9c59270c3fd7afecdb556c50c9e8de78 -> 
  custom:audio-decoder-ogg-vorbis: bf7c407c2cedff20999df2af8eb42d56 -> 
========================================================================
Received Prepare
Registering precompiled user dll's ...
Registered in 0.004355 seconds.
Begin MonoManager ReloadAssembly
Symbol file LoadedFromMemory doesn't match image D:\UnityTest\BehaviourTrees\Library\PackageCache\com.unity.visualscripting@1.7.8\Editor\VisualScripting.Core\Dependencies\YamlDotNet\Unity.VisualScripting.YamlDotNet.dll
Symbol file LoadedFromMemory doesn't match image D:\UnityTest\BehaviourTrees\Library\PackageCache\com.unity.visualscripting@1.7.8\Editor\VisualScripting.Core\Dependencies\DotNetZip\Unity.VisualScripting.IonicZip.dll
Native extension for UWP target not found
Native extension for WindowsStandalone target not found
Native extension for WebGL target not found
Refreshing native plugins compatible for Editor in 0.97 ms, found 3 plugins.
Preloading 0 native plugins for Editor in 0.00 ms.
Mono: successfully reloaded assembly
- Completed reload, in  1.218 seconds
Domain Reload Profiling:
	ReloadAssembly (1219ms)
		BeginReloadAssembly (140ms)
			ExecutionOrderSort (0ms)
			DisableScriptedObjects (5ms)
			BackupInstance (0ms)
			ReleaseScriptingObjects (0ms)
			CreateAndSetChildDomain (38ms)
		EndReloadAssembly (973ms)
			LoadAssemblies (94ms)
			RebuildTransferFunctionScriptingTraits (0ms)
			SetupTypeCache (335ms)
			ReleaseScriptCaches (2ms)
			RebuildScriptCaches (58ms)
			SetupLoadedEditorAssemblies (428ms)
				LogAssemblyErrors (0ms)
				InitializePlatformSupportModulesInManaged (21ms)
				SetLoadedEditorAssemblies (1ms)
				RefreshPlugins (1ms)
				BeforeProcessingInitializeOnLoad (84ms)
				ProcessInitializeOnLoadAttributes (273ms)
				ProcessInitializeOnLoadMethodAttributes (37ms)
				AfterProcessingInitializeOnLoad (10ms)
				EditorAssembliesLoaded (0ms)
			ExecutionOrderSort2 (0ms)
			AwakeInstancesAfterBackupRestoration (8ms)
Platform modules already initialized, skipping
Refreshing native plugins compatible for Editor in 1.78 ms, found 3 plugins.
Preloading 0 native plugins for Editor in 0.00 ms.
Unloading 3363 Unused Serialized files (Serialized files now loaded: 0)
Unloading 20 unused Assets / (78.3 KB). Loaded Objects now: 3882.
Memory consumption went from 133.5 MB to 133.4 MB.
Total: 3.898900 ms (FindLiveObjects: 0.324700 ms CreateObjectMapping: 0.196800 ms MarkObjects: 3.247300 ms  DeleteObjects: 0.128500 ms)

AssetImportParameters requested are different than current active one (requested -> active):
  custom:video-decoder-ogg-theora: a1e56fd34408186e4bbccfd4996cb3dc -> 
  custom:container-muxer-webm: aa71ff27fc2769a1b78a27578f13a17b -> 
  custom:container-demuxer-webm: 4f35f7cbe854078d1ac9338744f61a02 -> 
  custom:video-encoder-webm-vp8: eb34c28f22e8b96e1ab97ce403110664 -> 
  custom:video-codec-MediaFoundation-h265: 746d11721c4dcdbdad8f713fa42b33f4 -> 
  custom:audio-encoder-webm-vorbis: bf7c407c2cedff20999df2af8eb42d56 -> 
  custom:framework-win-MediaFoundation: 216162199b28c13a410421893ffa2e32 -> 
  custom:container-demuxer-ogg: 62fdf1f143b41e24485cea50d1cbac27 -> 
  custom:video-decoder-webm-vp8: 9c59270c3fd7afecdb556c50c9e8de78 -> 
  custom:audio-decoder-ogg-vorbis: bf7c407c2cedff20999df2af8eb42d56 -> 
========================================================================
Received Prepare
Registering precompiled user dll's ...
Registered in 0.005237 seconds.
Begin MonoManager ReloadAssembly
Symbol file LoadedFromMemory doesn't match image D:\UnityTest\BehaviourTrees\Library\PackageCache\com.unity.visualscripting@1.7.8\Editor\VisualScripting.Core\Dependencies\YamlDotNet\Unity.VisualScripting.YamlDotNet.dll
Symbol file LoadedFromMemory doesn't match image D:\UnityTest\BehaviourTrees\Library\PackageCache\com.unity.visualscripting@1.7.8\Editor\VisualScripting.Core\Dependencies\DotNetZip\Unity.VisualScripting.IonicZip.dll
Native extension for UWP target not found
Native extension for WindowsStandalone target not found
Native extension for WebGL target not found
Refreshing native plugins compatible for Editor in 1.04 ms, found 3 plugins.
Preloading 0 native plugins for Editor in 0.00 ms.
Mono: successfully reloaded assembly
- Completed reload, in  1.432 seconds
Domain Reload Profiling:
	ReloadAssembly (1434ms)
		BeginReloadAssembly (165ms)
			ExecutionOrderSort (0ms)
			DisableScriptedObjects (6ms)
			BackupInstance (0ms)
			ReleaseScriptingObjects (0ms)
			CreateAndSetChildDomain (40ms)
		EndReloadAssembly (1149ms)
			LoadAssemblies (109ms)
			RebuildTransferFunctionScriptingTraits (0ms)
			SetupTypeCache (426ms)
			ReleaseScriptCaches (2ms)
			RebuildScriptCaches (64ms)
			SetupLoadedEditorAssemblies (477ms)
				LogAssemblyErrors (0ms)
				InitializePlatformSupportModulesInManaged (25ms)
				SetLoadedEditorAssemblies (1ms)
				RefreshPlugins (1ms)
				BeforeProcessingInitializeOnLoad (91ms)
				ProcessInitializeOnLoadAttributes (300ms)
				ProcessInitializeOnLoadMethodAttributes (44ms)
				AfterProcessingInitializeOnLoad (14ms)
				EditorAssembliesLoaded (0ms)
			ExecutionOrderSort2 (0ms)
			AwakeInstancesAfterBackupRestoration (9ms)
Platform modules already initialized, skipping
Refreshing native plugins compatible for Editor in 2.07 ms, found 3 plugins.
Preloading 0 native plugins for Editor in 0.00 ms.
Unloading 3363 Unused Serialized files (Serialized files now loaded: 0)
Unloading 20 unused Assets / (94.9 KB). Loaded Objects now: 3885.
Memory consumption went from 133.5 MB to 133.4 MB.
Total: 4.096600 ms (FindLiveObjects: 0.348000 ms CreateObjectMapping: 0.227000 ms MarkObjects: 3.170100 ms  DeleteObjects: 0.349000 ms)

AssetImportParameters requested are different than current active one (requested -> active):
  custom:video-decoder-ogg-theora: a1e56fd34408186e4bbccfd4996cb3dc -> 
  custom:container-muxer-webm: aa71ff27fc2769a1b78a27578f13a17b -> 
  custom:container-demuxer-webm: 4f35f7cbe854078d1ac9338744f61a02 -> 
  custom:video-encoder-webm-vp8: eb34c28f22e8b96e1ab97ce403110664 -> 
  custom:video-codec-MediaFoundation-h265: 746d11721c4dcdbdad8f713fa42b33f4 -> 
  custom:audio-encoder-webm-vorbis: bf7c407c2cedff20999df2af8eb42d56 -> 
  custom:framework-win-MediaFoundation: 216162199b28c13a410421893ffa2e32 -> 
  custom:container-demuxer-ogg: 62fdf1f143b41e24485cea50d1cbac27 -> 
  custom:video-decoder-webm-vp8: 9c59270c3fd7afecdb556c50c9e8de78 -> 
  custom:audio-decoder-ogg-vorbis: bf7c407c2cedff20999df2af8eb42d56 -> 
========================================================================
Received Import Request.
  Time since last request: 657.743757 seconds.
  path: Assets/Scripts
  artifactKey: Guid(8bf9ad6799718ff4ab9e166d368ef3d3) Importer(815301076,1909f56bfc062723c751e8b465ee728b)
Start importing Assets/Scripts using Guid(8bf9ad6799718ff4ab9e166d368ef3d3) Importer(815301076,1909f56bfc062723c751e8b465ee728b)  -> (artifact id: '45360a6402739996b111b89f283cfb5a') in 0.013590 seconds 
========================================================================
Received Import Request.
  Time since last request: 20.848507 seconds.
  path: Assets/Scripts/BehaviorTree
  artifactKey: Guid(3e4a19ccc12e4314c8b96b6eb0f3ba83) Importer(815301076,1909f56bfc062723c751e8b465ee728b)
Start importing Assets/Scripts/BehaviorTree using Guid(3e4a19ccc12e4314c8b96b6eb0f3ba83) Importer(815301076,1909f56bfc062723c751e8b465ee728b)  -> (artifact id: '0186331e71339496553bd9162f481ad8') in 0.007101 seconds 
========================================================================
Received Import Request.
  Time since last request: 10.505250 seconds.
  path: Assets/Scripts/BehaviorTree/Node.cs
  artifactKey: Guid(3df476f0b0f25e646ab6638c12fa1e0d) Importer(815301076,1909f56bfc062723c751e8b465ee728b)
Start importing Assets/Scripts/BehaviorTree/Node.cs using Guid(3df476f0b0f25e646ab6638c12fa1e0d) Importer(815301076,1909f56bfc062723c751e8b465ee728b)  -> (artifact id: 'c6604e8d7f7554f1a2f7c5a793833ae3') in 0.019813 seconds 
========================================================================
Received Prepare
Registering precompiled user dll's ...
Registered in 0.003883 seconds.
Begin MonoManager ReloadAssembly
Symbol file LoadedFromMemory doesn't match image D:\UnityTest\BehaviourTrees\Library\PackageCache\com.unity.visualscripting@1.7.8\Editor\VisualScripting.Core\Dependencies\YamlDotNet\Unity.VisualScripting.YamlDotNet.dll
Symbol file LoadedFromMemory doesn't match image D:\UnityTest\BehaviourTrees\Library\PackageCache\com.unity.visualscripting@1.7.8\Editor\VisualScripting.Core\Dependencies\DotNetZip\Unity.VisualScripting.IonicZip.dll
Native extension for UWP target not found
Native extension for WindowsStandalone target not found
Native extension for WebGL target not found
Refreshing native plugins compatible for Editor in 0.56 ms, found 3 plugins.
Preloading 0 native plugins for Editor in 0.00 ms.
Mono: successfully reloaded assembly
- Completed reload, in  1.068 seconds
Domain Reload Profiling:
	ReloadAssembly (1069ms)
		BeginReloadAssembly (149ms)
			ExecutionOrderSort (0ms)
			DisableScriptedObjects (8ms)
			BackupInstance (0ms)
			ReleaseScriptingObjects (0ms)
			CreateAndSetChildDomain (36ms)
		EndReloadAssembly (819ms)
			LoadAssemblies (98ms)
			RebuildTransferFunctionScriptingTraits (0ms)
			SetupTypeCache (317ms)
			ReleaseScriptCaches (1ms)
			RebuildScriptCaches (39ms)
			SetupLoadedEditorAssemblies (336ms)
				LogAssemblyErrors (0ms)
				InitializePlatformSupportModulesInManaged (15ms)
				SetLoadedEditorAssemblies (0ms)
				RefreshPlugins (1ms)
				BeforeProcessingInitializeOnLoad (90ms)
				ProcessInitializeOnLoadAttributes (195ms)
				ProcessInitializeOnLoadMethodAttributes (26ms)
				AfterProcessingInitializeOnLoad (9ms)
				EditorAssembliesLoaded (0ms)
			ExecutionOrderSort2 (0ms)
			AwakeInstancesAfterBackupRestoration (7ms)
Platform modules already initialized, skipping
Refreshing native plugins compatible for Editor in 2.16 ms, found 3 plugins.
Preloading 0 native plugins for Editor in 0.00 ms.
Unloading 3364 Unused Serialized files (Serialized files now loaded: 0)
Unloading 20 unused Assets / (78.2 KB). Loaded Objects now: 3889.
Memory consumption went from 133.6 MB to 133.5 MB.
Total: 3.153400 ms (FindLiveObjects: 0.288800 ms CreateObjectMapping: 0.176800 ms MarkObjects: 2.612600 ms  DeleteObjects: 0.074000 ms)

AssetImportParameters requested are different than current active one (requested -> active):
  custom:video-decoder-ogg-theora: a1e56fd34408186e4bbccfd4996cb3dc -> 
  custom:container-muxer-webm: aa71ff27fc2769a1b78a27578f13a17b -> 
  custom:container-demuxer-webm: 4f35f7cbe854078d1ac9338744f61a02 -> 
  custom:video-encoder-webm-vp8: eb34c28f22e8b96e1ab97ce403110664 -> 
  custom:video-codec-MediaFoundation-h265: 746d11721c4dcdbdad8f713fa42b33f4 -> 
  custom:audio-encoder-webm-vorbis: bf7c407c2cedff20999df2af8eb42d56 -> 
  custom:framework-win-MediaFoundation: 216162199b28c13a410421893ffa2e32 -> 
  custom:container-demuxer-ogg: 62fdf1f143b41e24485cea50d1cbac27 -> 
  custom:video-decoder-webm-vp8: 9c59270c3fd7afecdb556c50c9e8de78 -> 
  custom:audio-decoder-ogg-vorbis: bf7c407c2cedff20999df2af8eb42d56 -> 
========================================================================
Received Import Request.
  Time since last request: 178.493211 seconds.
  path: Assets/Scripts/BehaviorTree/Tree.cs
  artifactKey: Guid(56db3f3e634923e458218044cb60f965) Importer(815301076,1909f56bfc062723c751e8b465ee728b)
Start importing Assets/Scripts/BehaviorTree/Tree.cs using Guid(56db3f3e634923e458218044cb60f965) Importer(815301076,1909f56bfc062723c751e8b465ee728b)  -> (artifact id: 'd958496317eb2568baec3cb39bb9311d') in 0.014245 seconds 
========================================================================
Received Prepare
Registering precompiled user dll's ...
Registered in 0.003994 seconds.
Begin MonoManager ReloadAssembly
Symbol file LoadedFromMemory doesn't match image D:\UnityTest\BehaviourTrees\Library\PackageCache\com.unity.visualscripting@1.7.8\Editor\VisualScripting.Core\Dependencies\YamlDotNet\Unity.VisualScripting.YamlDotNet.dll
Symbol file LoadedFromMemory doesn't match image D:\UnityTest\BehaviourTrees\Library\PackageCache\com.unity.visualscripting@1.7.8\Editor\VisualScripting.Core\Dependencies\DotNetZip\Unity.VisualScripting.IonicZip.dll
Native extension for UWP target not found
Native extension for WindowsStandalone target not found
Native extension for WebGL target not found
Refreshing native plugins compatible for Editor in 0.51 ms, found 3 plugins.
Preloading 0 native plugins for Editor in 0.00 ms.
Mono: successfully reloaded assembly
- Completed reload, in  1.158 seconds
Domain Reload Profiling:
	ReloadAssembly (1159ms)
		BeginReloadAssembly (196ms)
			ExecutionOrderSort (0ms)
			DisableScriptedObjects (5ms)
			BackupInstance (0ms)
			ReleaseScriptingObjects (0ms)
			CreateAndSetChildDomain (35ms)
		EndReloadAssembly (835ms)
			LoadAssemblies (148ms)
			RebuildTransferFunctionScriptingTraits (0ms)
			SetupTypeCache (332ms)
			ReleaseScriptCaches (1ms)
			RebuildScriptCaches (50ms)
			SetupLoadedEditorAssemblies (324ms)
				LogAssemblyErrors (0ms)
				InitializePlatformSupportModulesInManaged (17ms)
				SetLoadedEditorAssemblies (0ms)
				RefreshPlugins (1ms)
				BeforeProcessingInitializeOnLoad (64ms)
				ProcessInitializeOnLoadAttributes (207ms)
				ProcessInitializeOnLoadMethodAttributes (26ms)
				AfterProcessingInitializeOnLoad (8ms)
				EditorAssembliesLoaded (0ms)
			ExecutionOrderSort2 (0ms)
			AwakeInstancesAfterBackupRestoration (6ms)
Platform modules already initialized, skipping
Refreshing native plugins compatible for Editor in 1.42 ms, found 3 plugins.
Preloading 0 native plugins for Editor in 0.00 ms.
Unloading 3365 Unused Serialized files (Serialized files now loaded: 0)
Unloading 20 unused Assets / (78.1 KB). Loaded Objects now: 3893.
Memory consumption went from 133.6 MB to 133.5 MB.
Total: 3.155800 ms (FindLiveObjects: 0.288100 ms CreateObjectMapping: 0.203100 ms MarkObjects: 2.576100 ms  DeleteObjects: 0.087000 ms)

AssetImportParameters requested are different than current active one (requested -> active):
  custom:video-decoder-ogg-theora: a1e56fd34408186e4bbccfd4996cb3dc -> 
  custom:container-muxer-webm: aa71ff27fc2769a1b78a27578f13a17b -> 
  custom:container-demuxer-webm: 4f35f7cbe854078d1ac9338744f61a02 -> 
  custom:video-encoder-webm-vp8: eb34c28f22e8b96e1ab97ce403110664 -> 
  custom:video-codec-MediaFoundation-h265: 746d11721c4dcdbdad8f713fa42b33f4 -> 
  custom:audio-encoder-webm-vorbis: bf7c407c2cedff20999df2af8eb42d56 -> 
  custom:framework-win-MediaFoundation: 216162199b28c13a410421893ffa2e32 -> 
  custom:container-demuxer-ogg: 62fdf1f143b41e24485cea50d1cbac27 -> 
  custom:video-decoder-webm-vp8: 9c59270c3fd7afecdb556c50c9e8de78 -> 
  custom:audio-decoder-ogg-vorbis: bf7c407c2cedff20999df2af8eb42d56 -> 
========================================================================
Received Prepare
Registering precompiled user dll's ...
Registered in 0.004274 seconds.
Begin MonoManager ReloadAssembly
Symbol file LoadedFromMemory doesn't match image D:\UnityTest\BehaviourTrees\Library\PackageCache\com.unity.visualscripting@1.7.8\Editor\VisualScripting.Core\Dependencies\YamlDotNet\Unity.VisualScripting.YamlDotNet.dll
Symbol file LoadedFromMemory doesn't match image D:\UnityTest\BehaviourTrees\Library\PackageCache\com.unity.visualscripting@1.7.8\Editor\VisualScripting.Core\Dependencies\DotNetZip\Unity.VisualScripting.IonicZip.dll
Native extension for UWP target not found
Native extension for WindowsStandalone target not found
Native extension for WebGL target not found
Refreshing native plugins compatible for Editor in 0.55 ms, found 3 plugins.
Preloading 0 native plugins for Editor in 0.00 ms.
Mono: successfully reloaded assembly
- Completed reload, in  1.214 seconds
Domain Reload Profiling:
	ReloadAssembly (1215ms)
		BeginReloadAssembly (183ms)
			ExecutionOrderSort (0ms)
			DisableScriptedObjects (8ms)
			BackupInstance (0ms)
			ReleaseScriptingObjects (0ms)
			CreateAndSetChildDomain (45ms)
		EndReloadAssembly (904ms)
			LoadAssemblies (120ms)
			RebuildTransferFunctionScriptingTraits (0ms)
			SetupTypeCache (351ms)
			ReleaseScriptCaches (2ms)
			RebuildScriptCaches (52ms)
			SetupLoadedEditorAssemblies (354ms)
				LogAssemblyErrors (0ms)
				InitializePlatformSupportModulesInManaged (17ms)
				SetLoadedEditorAssemblies (1ms)
				RefreshPlugins (1ms)
				BeforeProcessingInitializeOnLoad (74ms)
				ProcessInitializeOnLoadAttributes (222ms)
				ProcessInitializeOnLoadMethodAttributes (30ms)
				AfterProcessingInitializeOnLoad (10ms)
				EditorAssembliesLoaded (0ms)
			ExecutionOrderSort2 (0ms)
			AwakeInstancesAfterBackupRestoration (9ms)
Platform modules already initialized, skipping
Refreshing native plugins compatible for Editor in 1.49 ms, found 3 plugins.
Preloading 0 native plugins for Editor in 0.00 ms.
Unloading 3366 Unused Serialized files (Serialized files now loaded: 0)
Unloading 20 unused Assets / (78.4 KB). Loaded Objects now: 3897.
Memory consumption went from 133.6 MB to 133.5 MB.
Total: 3.263200 ms (FindLiveObjects: 0.283500 ms CreateObjectMapping: 0.197900 ms MarkObjects: 2.671100 ms  DeleteObjects: 0.109500 ms)

AssetImportParameters requested are different than current active one (requested -> active):
  custom:video-decoder-ogg-theora: a1e56fd34408186e4bbccfd4996cb3dc -> 
  custom:container-muxer-webm: aa71ff27fc2769a1b78a27578f13a17b -> 
  custom:container-demuxer-webm: 4f35f7cbe854078d1ac9338744f61a02 -> 
  custom:video-encoder-webm-vp8: eb34c28f22e8b96e1ab97ce403110664 -> 
  custom:video-codec-MediaFoundation-h265: 746d11721c4dcdbdad8f713fa42b33f4 -> 
  custom:audio-encoder-webm-vorbis: bf7c407c2cedff20999df2af8eb42d56 -> 
  custom:framework-win-MediaFoundation: 216162199b28c13a410421893ffa2e32 -> 
  custom:container-demuxer-ogg: 62fdf1f143b41e24485cea50d1cbac27 -> 
  custom:video-decoder-webm-vp8: 9c59270c3fd7afecdb556c50c9e8de78 -> 
  custom:audio-decoder-ogg-vorbis: bf7c407c2cedff20999df2af8eb42d56 -> 
========================================================================
Received Import Request.
  Time since last request: 51.280682 seconds.
  path: Assets/Scripts/BehaviorTree/Sequence.cs
  artifactKey: Guid(e99277d975f491e4ea017c2ff1657eb1) Importer(815301076,1909f56bfc062723c751e8b465ee728b)
Start importing Assets/Scripts/BehaviorTree/Sequence.cs using Guid(e99277d975f491e4ea017c2ff1657eb1) Importer(815301076,1909f56bfc062723c751e8b465ee728b)  -> (artifact id: '5519176e57b29893b83c220d89bdc082') in 0.011639 seconds 
========================================================================
Received Prepare
Registering precompiled user dll's ...
Registered in 0.005550 seconds.
Begin MonoManager ReloadAssembly
Symbol file LoadedFromMemory doesn't match image D:\UnityTest\BehaviourTrees\Library\PackageCache\com.unity.visualscripting@1.7.8\Editor\VisualScripting.Core\Dependencies\YamlDotNet\Unity.VisualScripting.YamlDotNet.dll
Symbol file LoadedFromMemory doesn't match image D:\UnityTest\BehaviourTrees\Library\PackageCache\com.unity.visualscripting@1.7.8\Editor\VisualScripting.Core\Dependencies\DotNetZip\Unity.VisualScripting.IonicZip.dll
Native extension for UWP target not found
Native extension for WindowsStandalone target not found
Native extension for WebGL target not found
Refreshing native plugins compatible for Editor in 0.87 ms, found 3 plugins.
Preloading 0 native plugins for Editor in 0.00 ms.
Mono: successfully reloaded assembly
- Completed reload, in  1.279 seconds
Domain Reload Profiling:
	ReloadAssembly (1280ms)
		BeginReloadAssembly (146ms)
			ExecutionOrderSort (0ms)
			DisableScriptedObjects (5ms)
			BackupInstance (0ms)
			ReleaseScriptingObjects (0ms)
			CreateAndSetChildDomain (37ms)
		EndReloadAssembly (1021ms)
			LoadAssemblies (99ms)
			RebuildTransferFunctionScriptingTraits (0ms)
			SetupTypeCache (437ms)
			ReleaseScriptCaches (2ms)
			RebuildScriptCaches (41ms)
			SetupLoadedEditorAssemblies (346ms)
				LogAssemblyErrors (0ms)
				InitializePlatformSupportModulesInManaged (26ms)
				SetLoadedEditorAssemblies (1ms)
				RefreshPlugins (1ms)
				BeforeProcessingInitializeOnLoad (74ms)
				ProcessInitializeOnLoadAttributes (207ms)
				ProcessInitializeOnLoadMethodAttributes (28ms)
				AfterProcessingInitializeOnLoad (9ms)
				EditorAssembliesLoaded (0ms)
			ExecutionOrderSort2 (0ms)
			AwakeInstancesAfterBackupRestoration (6ms)
Platform modules already initialized, skipping
Refreshing native plugins compatible for Editor in 1.74 ms, found 3 plugins.
Preloading 0 native plugins for Editor in 0.00 ms.
Unloading 3366 Unused Serialized files (Serialized files now loaded: 0)
Unloading 20 unused Assets / (78.4 KB). Loaded Objects now: 3900.
Memory consumption went from 133.6 MB to 133.5 MB.
Total: 2.953900 ms (FindLiveObjects: 0.270200 ms CreateObjectMapping: 0.176100 ms MarkObjects: 2.429500 ms  DeleteObjects: 0.077100 ms)

AssetImportParameters requested are different than current active one (requested -> active):
  custom:video-decoder-ogg-theora: a1e56fd34408186e4bbccfd4996cb3dc -> 
  custom:container-muxer-webm: aa71ff27fc2769a1b78a27578f13a17b -> 
  custom:container-demuxer-webm: 4f35f7cbe854078d1ac9338744f61a02 -> 
  custom:video-encoder-webm-vp8: eb34c28f22e8b96e1ab97ce403110664 -> 
  custom:video-codec-MediaFoundation-h265: 746d11721c4dcdbdad8f713fa42b33f4 -> 
  custom:audio-encoder-webm-vorbis: bf7c407c2cedff20999df2af8eb42d56 -> 
  custom:framework-win-MediaFoundation: 216162199b28c13a410421893ffa2e32 -> 
  custom:container-demuxer-ogg: 62fdf1f143b41e24485cea50d1cbac27 -> 
  custom:video-decoder-webm-vp8: 9c59270c3fd7afecdb556c50c9e8de78 -> 
  custom:audio-decoder-ogg-vorbis: bf7c407c2cedff20999df2af8eb42d56 -> 
========================================================================
Received Import Request.
  Time since last request: 50.803440 seconds.
  path: Assets/Scripts/BehaviorTree/Selector.cs
  artifactKey: Guid(90c6de7c03b8ee642bd9201836e804b4) Importer(815301076,1909f56bfc062723c751e8b465ee728b)
Start importing Assets/Scripts/BehaviorTree/Selector.cs using Guid(90c6de7c03b8ee642bd9201836e804b4) Importer(815301076,1909f56bfc062723c751e8b465ee728b)  -> (artifact id: 'cc5185567bae805e6aa5822bc3ebbdc4') in 0.010830 seconds 
========================================================================
Received Prepare
Registering precompiled user dll's ...
Registered in 0.003962 seconds.
Begin MonoManager ReloadAssembly
Symbol file LoadedFromMemory doesn't match image D:\UnityTest\BehaviourTrees\Library\PackageCache\com.unity.visualscripting@1.7.8\Editor\VisualScripting.Core\Dependencies\YamlDotNet\Unity.VisualScripting.YamlDotNet.dll
Symbol file LoadedFromMemory doesn't match image D:\UnityTest\BehaviourTrees\Library\PackageCache\com.unity.visualscripting@1.7.8\Editor\VisualScripting.Core\Dependencies\DotNetZip\Unity.VisualScripting.IonicZip.dll
Native extension for UWP target not found
Native extension for WindowsStandalone target not found
Native extension for WebGL target not found
Refreshing native plugins compatible for Editor in 0.51 ms, found 3 plugins.
Preloading 0 native plugins for Editor in 0.00 ms.
Mono: successfully reloaded assembly
- Completed reload, in  1.082 seconds
Domain Reload Profiling:
	ReloadAssembly (1083ms)
		BeginReloadAssembly (171ms)
			ExecutionOrderSort (0ms)
			DisableScriptedObjects (7ms)
			BackupInstance (0ms)
			ReleaseScriptingObjects (0ms)
			CreateAndSetChildDomain (42ms)
		EndReloadAssembly (794ms)
			LoadAssemblies (111ms)
			RebuildTransferFunctionScriptingTraits (0ms)
			SetupTypeCache (319ms)
			ReleaseScriptCaches (1ms)
			RebuildScriptCaches (38ms)
			SetupLoadedEditorAssemblies (318ms)
				LogAssemblyErrors (0ms)
				InitializePlatformSupportModulesInManaged (18ms)
				SetLoadedEditorAssemblies (0ms)
				RefreshPlugins (1ms)
				BeforeProcessingInitializeOnLoad (75ms)
				ProcessInitializeOnLoadAttributes (189ms)
				ProcessInitializeOnLoadMethodAttributes (27ms)
				AfterProcessingInitializeOnLoad (9ms)
				EditorAssembliesLoaded (0ms)
			ExecutionOrderSort2 (0ms)
			AwakeInstancesAfterBackupRestoration (6ms)
Platform modules already initialized, skipping
Refreshing native plugins compatible for Editor in 1.32 ms, found 3 plugins.
Preloading 0 native plugins for Editor in 0.00 ms.
Unloading 3367 Unused Serialized files (Serialized files now loaded: 0)
Unloading 20 unused Assets / (78.3 KB). Loaded Objects now: 3904.
Memory consumption went from 133.6 MB to 133.5 MB.
Total: 2.924800 ms (FindLiveObjects: 0.284800 ms CreateObjectMapping: 0.193100 ms MarkObjects: 2.370100 ms  DeleteObjects: 0.076000 ms)

AssetImportParameters requested are different than current active one (requested -> active):
  custom:video-decoder-ogg-theora: a1e56fd34408186e4bbccfd4996cb3dc -> 
  custom:container-muxer-webm: aa71ff27fc2769a1b78a27578f13a17b -> 
  custom:container-demuxer-webm: 4f35f7cbe854078d1ac9338744f61a02 -> 
  custom:video-encoder-webm-vp8: eb34c28f22e8b96e1ab97ce403110664 -> 
  custom:video-codec-MediaFoundation-h265: 746d11721c4dcdbdad8f713fa42b33f4 -> 
  custom:audio-encoder-webm-vorbis: bf7c407c2cedff20999df2af8eb42d56 -> 
  custom:framework-win-MediaFoundation: 216162199b28c13a410421893ffa2e32 -> 
  custom:container-demuxer-ogg: 62fdf1f143b41e24485cea50d1cbac27 -> 
  custom:video-decoder-webm-vp8: 9c59270c3fd7afecdb556c50c9e8de78 -> 
  custom:audio-decoder-ogg-vorbis: bf7c407c2cedff20999df2af8eb42d56 -> 
========================================================================
Received Import Request.
  Time since last request: 74.445178 seconds.
  path: Assets/Scripts/New Folder
  artifactKey: Guid(df03af08f643c174384e0d2f24238f18) Importer(815301076,1909f56bfc062723c751e8b465ee728b)
Start importing Assets/Scripts/New Folder using Guid(df03af08f643c174384e0d2f24238f18) Importer(815301076,1909f56bfc062723c751e8b465ee728b)  -> (artifact id: 'ae4be14b54ab22e8bfead8eb9e72b0fa') in 0.011299 seconds 
========================================================================
Received Import Request.
  Time since last request: 24.439738 seconds.
  path: Assets/Scripts/GuardAI
  artifactKey: Guid(df03af08f643c174384e0d2f24238f18) Importer(815301076,1909f56bfc062723c751e8b465ee728b)
Start importing Assets/Scripts/GuardAI using Guid(df03af08f643c174384e0d2f24238f18) Importer(815301076,1909f56bfc062723c751e8b465ee728b)  -> (artifact id: 'c358b50c9d6eeb4cee31ae0340a47001') in 0.007067 seconds 
========================================================================
Received Import Request.
  Time since last request: 32.847251 seconds.
  path: Assets/Scripts/EnemyManager.cs
  artifactKey: Guid(6aaf41480b3611445aec75e04a4effff) Importer(815301076,1909f56bfc062723c751e8b465ee728b)
Start importing Assets/Scripts/EnemyManager.cs using Guid(6aaf41480b3611445aec75e04a4effff) Importer(815301076,1909f56bfc062723c751e8b465ee728b)  -> (artifact id: '2bac9fbeb311d9fbc3555b938b1ea868') in 0.007930 seconds 
========================================================================
Received Prepare
Registering precompiled user dll's ...
Registered in 0.004281 seconds.
Begin MonoManager ReloadAssembly
Symbol file LoadedFromMemory doesn't match image D:\UnityTest\BehaviourTrees\Library\PackageCache\com.unity.visualscripting@1.7.8\Editor\VisualScripting.Core\Dependencies\YamlDotNet\Unity.VisualScripting.YamlDotNet.dll
Symbol file LoadedFromMemory doesn't match image D:\UnityTest\BehaviourTrees\Library\PackageCache\com.unity.visualscripting@1.7.8\Editor\VisualScripting.Core\Dependencies\DotNetZip\Unity.VisualScripting.IonicZip.dll
Native extension for UWP target not found
Native extension for WindowsStandalone target not found
Native extension for WebGL target not found
Refreshing native plugins compatible for Editor in 0.58 ms, found 3 plugins.
Preloading 0 native plugins for Editor in 0.00 ms.
Mono: successfully reloaded assembly
- Completed reload, in  1.252 seconds
Domain Reload Profiling:
	ReloadAssembly (1252ms)
		BeginReloadAssembly (230ms)
			ExecutionOrderSort (0ms)
			DisableScriptedObjects (6ms)
			BackupInstance (0ms)
			ReleaseScriptingObjects (0ms)
			CreateAndSetChildDomain (59ms)
		EndReloadAssembly (857ms)
			LoadAssemblies (154ms)
			RebuildTransferFunctionScriptingTraits (0ms)
			SetupTypeCache (316ms)
			ReleaseScriptCaches (1ms)
			RebuildScriptCaches (49ms)
			SetupLoadedEditorAssemblies (333ms)
				LogAssemblyErrors (0ms)
				InitializePlatformSupportModulesInManaged (20ms)
				SetLoadedEditorAssemblies (1ms)
				RefreshPlugins (1ms)
				BeforeProcessingInitializeOnLoad (71ms)
				ProcessInitializeOnLoadAttributes (203ms)
				ProcessInitializeOnLoadMethodAttributes (29ms)
				AfterProcessingInitializeOnLoad (9ms)
				EditorAssembliesLoaded (0ms)
			ExecutionOrderSort2 (0ms)
			AwakeInstancesAfterBackupRestoration (7ms)
Platform modules already initialized, skipping
Refreshing native plugins compatible for Editor in 1.64 ms, found 3 plugins.
Preloading 0 native plugins for Editor in 0.00 ms.
Unloading 3368 Unused Serialized files (Serialized files now loaded: 0)
Unloading 20 unused Assets / (78.4 KB). Loaded Objects now: 3908.
Memory consumption went from 133.6 MB to 133.6 MB.
Total: 2.820400 ms (FindLiveObjects: 0.260900 ms CreateObjectMapping: 0.160700 ms MarkObjects: 2.319800 ms  DeleteObjects: 0.077900 ms)

AssetImportParameters requested are different than current active one (requested -> active):
  custom:video-decoder-ogg-theora: a1e56fd34408186e4bbccfd4996cb3dc -> 
  custom:container-muxer-webm: aa71ff27fc2769a1b78a27578f13a17b -> 
  custom:container-demuxer-webm: 4f35f7cbe854078d1ac9338744f61a02 -> 
  custom:video-encoder-webm-vp8: eb34c28f22e8b96e1ab97ce403110664 -> 
  custom:video-codec-MediaFoundation-h265: 746d11721c4dcdbdad8f713fa42b33f4 -> 
  custom:audio-encoder-webm-vorbis: bf7c407c2cedff20999df2af8eb42d56 -> 
  custom:framework-win-MediaFoundation: 216162199b28c13a410421893ffa2e32 -> 
  custom:container-demuxer-ogg: 62fdf1f143b41e24485cea50d1cbac27 -> 
  custom:video-decoder-webm-vp8: 9c59270c3fd7afecdb556c50c9e8de78 -> 
  custom:audio-decoder-ogg-vorbis: bf7c407c2cedff20999df2af8eb42d56 -> 
========================================================================
Received Import Request.
  Time since last request: 42.274224 seconds.
  path: Assets/Scripts/GuardAI/NewBehaviourScript.cs
  artifactKey: Guid(1fd5420086ab1224baf959591ad33cde) Importer(815301076,1909f56bfc062723c751e8b465ee728b)
Start importing Assets/Scripts/GuardAI/NewBehaviourScript.cs using Guid(1fd5420086ab1224baf959591ad33cde) Importer(815301076,1909f56bfc062723c751e8b465ee728b)  -> (artifact id: 'dd540e4f9c544d90473dd3e3872e9c75') in 0.008510 seconds 
========================================================================
Received Import Request.
  Time since last request: 6.417143 seconds.
  path: Assets/Scripts/GuardAI/TaskPatrol.cs
  artifactKey: Guid(1fd5420086ab1224baf959591ad33cde) Importer(815301076,1909f56bfc062723c751e8b465ee728b)
Start importing Assets/Scripts/GuardAI/TaskPatrol.cs using Guid(1fd5420086ab1224baf959591ad33cde) Importer(815301076,1909f56bfc062723c751e8b465ee728b)  -> (artifact id: 'b187c2bba02881c5ad7dd2e1c01d4ecf') in 0.007760 seconds 
========================================================================
Received Import Request.
  Time since last request: 1234.890736 seconds.
  path: Assets/Scripts/GuardAI/NewBehaviourScript.cs
  artifactKey: Guid(a3cb536a6927b1145a8e1e38a85abdfb) Importer(815301076,1909f56bfc062723c751e8b465ee728b)
Start importing Assets/Scripts/GuardAI/NewBehaviourScript.cs using Guid(a3cb536a6927b1145a8e1e38a85abdfb) Importer(815301076,1909f56bfc062723c751e8b465ee728b)  -> (artifact id: '8db6c5a366fe93e92f51c59276a08c0e') in 0.002423 seconds 
========================================================================
Received Import Request.
  Time since last request: 7.232610 seconds.
  path: Assets/Scripts/GuardAI/Guard.cs
  artifactKey: Guid(a3cb536a6927b1145a8e1e38a85abdfb) Importer(815301076,1909f56bfc062723c751e8b465ee728b)
Start importing Assets/Scripts/GuardAI/Guard.cs using Guid(a3cb536a6927b1145a8e1e38a85abdfb) Importer(815301076,1909f56bfc062723c751e8b465ee728b)  -> (artifact id: '853a425c221e84a3c4ee01f3a27ee70e') in 0.007799 seconds 
========================================================================
Received Import Request.
  Time since last request: 10.545138 seconds.
  path: Assets/Scripts/GuardAI/GuardBT.cs
  artifactKey: Guid(a3cb536a6927b1145a8e1e38a85abdfb) Importer(815301076,1909f56bfc062723c751e8b465ee728b)
Start importing Assets/Scripts/GuardAI/GuardBT.cs using Guid(a3cb536a6927b1145a8e1e38a85abdfb) Importer(815301076,1909f56bfc062723c751e8b465ee728b)  -> (artifact id: '0da1b5f10d3d9a304339e2de0fa3b506') in 0.006939 seconds 
========================================================================
Received Import Request.
  Time since last request: 27.736696 seconds.
  path: Assets/Scripts/GuardAI/GuardBT.cs
  artifactKey: Guid(a3cb536a6927b1145a8e1e38a85abdfb) Importer(815301076,1909f56bfc062723c751e8b465ee728b)
Start importing Assets/Scripts/GuardAI/GuardBT.cs using Guid(a3cb536a6927b1145a8e1e38a85abdfb) Importer(815301076,1909f56bfc062723c751e8b465ee728b)  -> (artifact id: '3dee95cfc26e232e1e3ffa582e12a62b') in 0.001727 seconds 
========================================================================
Received Import Request.
  Time since last request: 57.203817 seconds.
  path: Assets/Scripts/GuardAI/TaskGoToTarget.cs
  artifactKey: Guid(4af3ff26eaee1684794d02af8ce6e901) Importer(815301076,1909f56bfc062723c751e8b465ee728b)
Start importing Assets/Scripts/GuardAI/TaskGoToTarget.cs using Guid(4af3ff26eaee1684794d02af8ce6e901) Importer(815301076,1909f56bfc062723c751e8b465ee728b)  -> (artifact id: '067e31f792130ef0da99368a78012b34') in 0.007025 seconds 
========================================================================
Received Import Request.
  Time since last request: 8.474588 seconds.
  path: Assets/Scripts/GuardAI/TaskGoToTarget.cs
  artifactKey: Guid(4af3ff26eaee1684794d02af8ce6e901) Importer(815301076,1909f56bfc062723c751e8b465ee728b)
Start importing Assets/Scripts/GuardAI/TaskGoToTarget.cs using Guid(4af3ff26eaee1684794d02af8ce6e901) Importer(815301076,1909f56bfc062723c751e8b465ee728b)  -> (artifact id: 'fa7c71832276f19dde6a9d56f4eeee77') in 0.021223 seconds 
